2024-12-11 16:20:28 [background-preinit] INFO  o.h.validator.internal.util.Version - HV000001: Hibernate Validator 6.2.5.Final
2024-12-11 16:20:28 [restartedMain] INFO  c.M.MusicManagerApplication - Starting MusicManagerApplication using Java 17.0.12 on LAPTOP-ICGVSVEA with PID 6656 (C:\Users\ycode\eclipse-workspace\MusicManager\target\classes started by ycode in C:\Users\ycode\eclipse-workspace\MusicManager)
2024-12-11 16:20:28 [restartedMain] INFO  c.M.MusicManagerApplication - The following 1 profile is active: "dev"
2024-12-11 16:20:29 [restartedMain] INFO  o.s.b.d.e.DevToolsPropertyDefaultsPostProcessor - Devtools property defaults active! Set 'spring.devtools.add-properties' to 'false' to disable
2024-12-11 16:20:29 [restartedMain] INFO  o.s.b.d.e.DevToolsPropertyDefaultsPostProcessor - For additional web related logging consider setting the 'logging.level.web' property to 'DEBUG'
2024-12-11 16:20:30 [restartedMain] INFO  o.s.d.r.c.RepositoryConfigurationDelegate - Bootstrapping Spring Data MongoDB repositories in DEFAULT mode.
2024-12-11 16:20:30 [restartedMain] INFO  o.s.d.r.c.RepositoryConfigurationDelegate - Finished Spring Data repository scanning in 83 ms. Found 4 MongoDB repository interfaces.
2024-12-11 16:20:31 [restartedMain] INFO  o.s.b.w.e.tomcat.TomcatWebServer - Tomcat initialized with port(s): 8080 (http)
2024-12-11 16:20:31 [restartedMain] INFO  o.a.coyote.http11.Http11NioProtocol - Initializing ProtocolHandler ["http-nio-8080"]
2024-12-11 16:20:31 [restartedMain] INFO  o.a.catalina.core.StandardService - Starting service [Tomcat]
2024-12-11 16:20:31 [restartedMain] INFO  o.a.catalina.core.StandardEngine - Starting Servlet engine: [Apache Tomcat/9.0.83]
2024-12-11 16:20:31 [restartedMain] INFO  o.a.c.c.C.[Tomcat].[localhost].[/] - Initializing Spring embedded WebApplicationContext
2024-12-11 16:20:31 [restartedMain] INFO  o.s.b.w.s.c.ServletWebServerApplicationContext - Root WebApplicationContext: initialization completed in 2382 ms
2024-12-11 16:20:31 [restartedMain] INFO  org.mongodb.driver.client - MongoClient with metadata {"driver": {"name": "mongo-java-driver|sync|spring-boot", "version": "4.6.1"}, "os": {"type": "Windows", "name": "Windows 11", "architecture": "amd64", "version": "10.0"}, "platform": "Java/Eclipse Adoptium/17.0.12+7"} created with settings MongoClientSettings{readPreference=primary, writeConcern=WriteConcern{w=null, wTimeout=null ms, journal=null}, retryWrites=true, retryReads=true, readConcern=ReadConcern{level=null}, credential=null, streamFactoryFactory=null, commandListeners=[io.micrometer.core.instrument.binder.mongodb.MongoMetricsCommandListener@3b42b58c], codecRegistry=ProvidersCodecRegistry{codecProviders=[ValueCodecProvider{}, BsonValueCodecProvider{}, DBRefCodecProvider{}, DBObjectCodecProvider{}, DocumentCodecProvider{}, IterableCodecProvider{}, MapCodecProvider{}, GeoJsonCodecProvider{}, GridFSFileCodecProvider{}, Jsr310CodecProvider{}, JsonObjectCodecProvider{}, BsonCodecProvider{}, EnumCodecProvider{}, com.mongodb.Jep395RecordCodecProvider@1643f21f]}, clusterSettings={hosts=[localhost:27017], srvServiceName=mongodb, mode=SINGLE, requiredClusterType=UNKNOWN, requiredReplicaSetName='null', serverSelector='null', clusterListeners='[]', serverSelectionTimeout='30000 ms', localThreshold='30000 ms'}, socketSettings=SocketSettings{connectTimeoutMS=10000, readTimeoutMS=0, receiveBufferSize=0, sendBufferSize=0}, heartbeatSocketSettings=SocketSettings{connectTimeoutMS=10000, readTimeoutMS=10000, receiveBufferSize=0, sendBufferSize=0}, connectionPoolSettings=ConnectionPoolSettings{maxSize=100, minSize=0, maxWaitTimeMS=120000, maxConnectionLifeTimeMS=0, maxConnectionIdleTimeMS=0, maintenanceInitialDelayMS=0, maintenanceFrequencyMS=60000, connectionPoolListeners=[io.micrometer.core.instrument.binder.mongodb.MongoMetricsConnectionPoolListener@714042c2], maxConnecting=2}, serverSettings=ServerSettings{heartbeatFrequencyMS=10000, minHeartbeatFrequencyMS=500, serverListeners='[]', serverMonitorListeners='[]'}, sslSettings=SslSettings{enabled=false, invalidHostNameAllowed=false, context=null}, applicationName='null', compressorList=[], uuidRepresentation=JAVA_LEGACY, serverApi=null, autoEncryptionSettings=null, contextProvider=null}
2024-12-11 16:20:31 [cluster-ClusterId{value='6759bbcf0e6c761c2c906dc8', description='null'}-localhost:27017] INFO  org.mongodb.driver.connection - Opened connection [connectionId{localValue:2, serverValue:920}] to localhost:27017
2024-12-11 16:20:31 [cluster-rtt-ClusterId{value='6759bbcf0e6c761c2c906dc8', description='null'}-localhost:27017] INFO  org.mongodb.driver.connection - Opened connection [connectionId{localValue:1, serverValue:919}] to localhost:27017
2024-12-11 16:20:31 [cluster-ClusterId{value='6759bbcf0e6c761c2c906dc8', description='null'}-localhost:27017] INFO  org.mongodb.driver.cluster - Monitor thread successfully connected to server with description ServerDescription{address=localhost:27017, type=STANDALONE, state=CONNECTED, ok=true, minWireVersion=0, maxWireVersion=21, maxDocumentSize=16777216, logicalSessionTimeoutMinutes=30, roundTripTimeNanos=30302700}
2024-12-11 16:20:32 [restartedMain] DEBUG o.s.d.m.c.i.MongoPersistentEntityIndexCreator - Analyzing class class com.MusicManager.model.Role for index information.
2024-12-11 16:20:32 [restartedMain] INFO  org.mongodb.driver.connection - Opened connection [connectionId{localValue:3, serverValue:921}] to localhost:27017
2024-12-11 16:20:32 [restartedMain] DEBUG o.s.d.m.c.i.MongoPersistentEntityIndexCreator - Analyzing class class com.MusicManager.model.Album for index information.
2024-12-11 16:20:32 [restartedMain] DEBUG o.s.d.m.c.i.MongoPersistentEntityIndexCreator - Analyzing class class com.MusicManager.model.Chanson for index information.
2024-12-11 16:20:32 [restartedMain] DEBUG o.s.d.m.c.i.MongoPersistentEntityIndexCreator - Analyzing class class com.MusicManager.model.User for index information.
2024-12-11 16:20:32 [restartedMain] INFO  o.s.b.d.a.OptionalLiveReloadServer - LiveReload server is running on port 35729
2024-12-11 16:20:32 [restartedMain] DEBUG o.s.data.mongodb.core.MongoTemplate - Executing count: {} in collection: roles
2024-12-11 16:20:32 [restartedMain] DEBUG o.s.data.mongodb.core.MongoTemplate - Inserting Document containing fields: [name, _class] in collection: roles
2024-12-11 16:20:32 [restartedMain] DEBUG o.s.data.mongodb.core.MongoTemplate - Inserting Document containing fields: [name, _class] in collection: roles
2024-12-11 16:20:32 [restartedMain] WARN  o.s.b.w.s.c.AnnotationConfigServletWebServerApplicationContext - Exception encountered during context initialization - cancelling refresh attempt: org.springframework.beans.factory.UnsatisfiedDependencyException: Error creating bean with name 'authController' defined in file [C:\Users\ycode\eclipse-workspace\MusicManager\target\classes\com\MusicManager\controllers\authentification\AuthController.class]: Unsatisfied dependency expressed through constructor parameter 0; nested exception is org.springframework.beans.factory.UnsatisfiedDependencyException: Error creating bean with name 'authServiceImpl' defined in file [C:\Users\ycode\eclipse-workspace\MusicManager\target\classes\com\MusicManager\services\impl\AuthServiceImpl.class]: Unsatisfied dependency expressed through constructor parameter 4; nested exception is org.springframework.beans.factory.NoSuchBeanDefinitionException: No qualifying bean of type 'org.springframework.security.authentication.AuthenticationManager' available: expected at least 1 bean which qualifies as autowire candidate. Dependency annotations: {}
2024-12-11 16:20:32 [restartedMain] INFO  o.a.catalina.core.StandardService - Stopping service [Tomcat]
2024-12-11 16:20:32 [restartedMain] WARN  o.a.c.loader.WebappClassLoaderBase - The web application [ROOT] appears to have started a thread named [BufferPoolPruner-1-thread-1] but has failed to stop it. This is very likely to create a memory leak. Stack trace of thread:
 java.base@17.0.12/jdk.internal.misc.Unsafe.park(Native Method)
 java.base@17.0.12/java.util.concurrent.locks.LockSupport.parkNanos(LockSupport.java:252)
 java.base@17.0.12/java.util.concurrent.locks.AbstractQueuedSynchronizer$ConditionObject.awaitNanos(AbstractQueuedSynchronizer.java:1674)
 java.base@17.0.12/java.util.concurrent.ScheduledThreadPoolExecutor$DelayedWorkQueue.take(ScheduledThreadPoolExecutor.java:1182)
 java.base@17.0.12/java.util.concurrent.ScheduledThreadPoolExecutor$DelayedWorkQueue.take(ScheduledThreadPoolExecutor.java:899)
 java.base@17.0.12/java.util.concurrent.ThreadPoolExecutor.getTask(ThreadPoolExecutor.java:1062)
 java.base@17.0.12/java.util.concurrent.ThreadPoolExecutor.runWorker(ThreadPoolExecutor.java:1122)
 java.base@17.0.12/java.util.concurrent.ThreadPoolExecutor$Worker.run(ThreadPoolExecutor.java:635)
 java.base@17.0.12/java.lang.Thread.run(Thread.java:840)
2024-12-11 16:20:32 [restartedMain] INFO  o.s.b.a.l.ConditionEvaluationReportLoggingListener - 

Error starting ApplicationContext. To display the conditions report re-run your application with 'debug' enabled.
2024-12-11 16:20:32 [restartedMain] ERROR o.s.b.d.LoggingFailureAnalysisReporter - 

***************************
APPLICATION FAILED TO START
***************************

Description:

Parameter 4 of constructor in com.MusicManager.services.impl.AuthServiceImpl required a bean of type 'org.springframework.security.authentication.AuthenticationManager' that could not be found.


Action:

Consider defining a bean of type 'org.springframework.security.authentication.AuthenticationManager' in your configuration.

2024-12-11 16:21:31 [background-preinit] INFO  o.h.validator.internal.util.Version - HV000001: Hibernate Validator 6.2.5.Final
2024-12-11 16:21:31 [restartedMain] INFO  c.M.MusicManagerApplication - Starting MusicManagerApplication using Java 17.0.12 on LAPTOP-ICGVSVEA with PID 19076 (C:\Users\ycode\eclipse-workspace\MusicManager\target\classes started by ycode in C:\Users\ycode\eclipse-workspace\MusicManager)
2024-12-11 16:21:31 [restartedMain] INFO  c.M.MusicManagerApplication - The following 1 profile is active: "dev"
2024-12-11 16:21:31 [restartedMain] INFO  o.s.b.d.e.DevToolsPropertyDefaultsPostProcessor - Devtools property defaults active! Set 'spring.devtools.add-properties' to 'false' to disable
2024-12-11 16:21:31 [restartedMain] INFO  o.s.b.d.e.DevToolsPropertyDefaultsPostProcessor - For additional web related logging consider setting the 'logging.level.web' property to 'DEBUG'
2024-12-11 16:21:32 [restartedMain] INFO  o.s.d.r.c.RepositoryConfigurationDelegate - Bootstrapping Spring Data MongoDB repositories in DEFAULT mode.
2024-12-11 16:21:32 [restartedMain] INFO  o.s.d.r.c.RepositoryConfigurationDelegate - Finished Spring Data repository scanning in 57 ms. Found 4 MongoDB repository interfaces.
2024-12-11 16:21:32 [restartedMain] INFO  o.s.b.w.e.tomcat.TomcatWebServer - Tomcat initialized with port(s): 8080 (http)
2024-12-11 16:21:32 [restartedMain] INFO  o.a.coyote.http11.Http11NioProtocol - Initializing ProtocolHandler ["http-nio-8080"]
2024-12-11 16:21:32 [restartedMain] INFO  o.a.catalina.core.StandardService - Starting service [Tomcat]
2024-12-11 16:21:32 [restartedMain] INFO  o.a.catalina.core.StandardEngine - Starting Servlet engine: [Apache Tomcat/9.0.83]
2024-12-11 16:21:32 [restartedMain] INFO  o.a.c.c.C.[Tomcat].[localhost].[/] - Initializing Spring embedded WebApplicationContext
2024-12-11 16:21:32 [restartedMain] INFO  o.s.b.w.s.c.ServletWebServerApplicationContext - Root WebApplicationContext: initialization completed in 1300 ms
2024-12-11 16:21:33 [restartedMain] INFO  org.mongodb.driver.client - MongoClient with metadata {"driver": {"name": "mongo-java-driver|sync|spring-boot", "version": "4.6.1"}, "os": {"type": "Windows", "name": "Windows 11", "architecture": "amd64", "version": "10.0"}, "platform": "Java/Eclipse Adoptium/17.0.12+7"} created with settings MongoClientSettings{readPreference=primary, writeConcern=WriteConcern{w=null, wTimeout=null ms, journal=null}, retryWrites=true, retryReads=true, readConcern=ReadConcern{level=null}, credential=null, streamFactoryFactory=null, commandListeners=[io.micrometer.core.instrument.binder.mongodb.MongoMetricsCommandListener@4108a127], codecRegistry=ProvidersCodecRegistry{codecProviders=[ValueCodecProvider{}, BsonValueCodecProvider{}, DBRefCodecProvider{}, DBObjectCodecProvider{}, DocumentCodecProvider{}, IterableCodecProvider{}, MapCodecProvider{}, GeoJsonCodecProvider{}, GridFSFileCodecProvider{}, Jsr310CodecProvider{}, JsonObjectCodecProvider{}, BsonCodecProvider{}, EnumCodecProvider{}, com.mongodb.Jep395RecordCodecProvider@562e16f9]}, clusterSettings={hosts=[localhost:27017], srvServiceName=mongodb, mode=SINGLE, requiredClusterType=UNKNOWN, requiredReplicaSetName='null', serverSelector='null', clusterListeners='[]', serverSelectionTimeout='30000 ms', localThreshold='30000 ms'}, socketSettings=SocketSettings{connectTimeoutMS=10000, readTimeoutMS=0, receiveBufferSize=0, sendBufferSize=0}, heartbeatSocketSettings=SocketSettings{connectTimeoutMS=10000, readTimeoutMS=10000, receiveBufferSize=0, sendBufferSize=0}, connectionPoolSettings=ConnectionPoolSettings{maxSize=100, minSize=0, maxWaitTimeMS=120000, maxConnectionLifeTimeMS=0, maxConnectionIdleTimeMS=0, maintenanceInitialDelayMS=0, maintenanceFrequencyMS=60000, connectionPoolListeners=[io.micrometer.core.instrument.binder.mongodb.MongoMetricsConnectionPoolListener@6c0cd18a], maxConnecting=2}, serverSettings=ServerSettings{heartbeatFrequencyMS=10000, minHeartbeatFrequencyMS=500, serverListeners='[]', serverMonitorListeners='[]'}, sslSettings=SslSettings{enabled=false, invalidHostNameAllowed=false, context=null}, applicationName='null', compressorList=[], uuidRepresentation=JAVA_LEGACY, serverApi=null, autoEncryptionSettings=null, contextProvider=null}
2024-12-11 16:21:33 [cluster-rtt-ClusterId{value='6759bc0d47da231f1eb4f8ce', description='null'}-localhost:27017] INFO  org.mongodb.driver.connection - Opened connection [connectionId{localValue:2, serverValue:923}] to localhost:27017
2024-12-11 16:21:33 [cluster-ClusterId{value='6759bc0d47da231f1eb4f8ce', description='null'}-localhost:27017] INFO  org.mongodb.driver.connection - Opened connection [connectionId{localValue:1, serverValue:922}] to localhost:27017
2024-12-11 16:21:33 [cluster-ClusterId{value='6759bc0d47da231f1eb4f8ce', description='null'}-localhost:27017] INFO  org.mongodb.driver.cluster - Monitor thread successfully connected to server with description ServerDescription{address=localhost:27017, type=STANDALONE, state=CONNECTED, ok=true, minWireVersion=0, maxWireVersion=21, maxDocumentSize=16777216, logicalSessionTimeoutMinutes=30, roundTripTimeNanos=15801700}
2024-12-11 16:21:33 [restartedMain] DEBUG o.s.d.m.c.i.MongoPersistentEntityIndexCreator - Analyzing class class com.MusicManager.model.User for index information.
2024-12-11 16:21:33 [restartedMain] DEBUG o.s.d.m.c.i.MongoPersistentEntityIndexCreator - Analyzing class class com.MusicManager.model.Album for index information.
2024-12-11 16:21:33 [restartedMain] DEBUG o.s.d.m.c.i.MongoPersistentEntityIndexCreator - Analyzing class class com.MusicManager.model.Role for index information.
2024-12-11 16:21:33 [restartedMain] INFO  org.mongodb.driver.connection - Opened connection [connectionId{localValue:3, serverValue:924}] to localhost:27017
2024-12-11 16:21:33 [restartedMain] DEBUG o.s.d.m.c.i.MongoPersistentEntityIndexCreator - Analyzing class class com.MusicManager.model.Chanson for index information.
2024-12-11 16:21:33 [restartedMain] INFO  o.s.b.d.a.OptionalLiveReloadServer - LiveReload server is running on port 35729
2024-12-11 16:21:33 [restartedMain] DEBUG o.s.data.mongodb.core.MongoTemplate - Executing count: {} in collection: roles
2024-12-11 16:21:33 [restartedMain] DEBUG o.s.s.w.a.e.ExpressionBasedFilterInvocationSecurityMetadataSource - Adding web access control expression [permitAll] for Ant [pattern='/api/**']
2024-12-11 16:21:33 [restartedMain] DEBUG o.s.s.w.a.e.ExpressionBasedFilterInvocationSecurityMetadataSource - Adding web access control expression [authenticated] for any request
2024-12-11 16:21:33 [restartedMain] INFO  o.s.s.web.DefaultSecurityFilterChain - Will secure any request with [org.springframework.security.web.session.DisableEncodeUrlFilter@56f5f3df, org.springframework.security.web.context.request.async.WebAsyncManagerIntegrationFilter@1dc1c1a4, org.springframework.security.web.context.SecurityContextPersistenceFilter@689451ac, org.springframework.security.web.header.HeaderWriterFilter@3def8bd6, org.springframework.security.web.authentication.logout.LogoutFilter@3e6cb876, org.springframework.security.web.savedrequest.RequestCacheAwareFilter@70bb0fcc, org.springframework.security.web.servletapi.SecurityContextHolderAwareRequestFilter@7f2e021c, org.springframework.security.web.authentication.AnonymousAuthenticationFilter@73620d24, org.springframework.security.web.session.SessionManagementFilter@7c78b9de, org.springframework.security.web.access.ExceptionTranslationFilter@23d54981, org.springframework.security.web.access.intercept.FilterSecurityInterceptor@42979f7d]
2024-12-11 16:21:34 [restartedMain] INFO  o.s.b.a.e.web.EndpointLinksResolver - Exposing 1 endpoint(s) beneath base path '/actuator'
2024-12-11 16:21:34 [restartedMain] INFO  o.a.coyote.http11.Http11NioProtocol - Starting ProtocolHandler ["http-nio-8080"]
2024-12-11 16:21:34 [restartedMain] INFO  o.s.b.w.e.tomcat.TomcatWebServer - Tomcat started on port(s): 8080 (http) with context path ''
2024-12-11 16:21:34 [restartedMain] INFO  c.M.MusicManagerApplication - Started MusicManagerApplication in 2.948 seconds (JVM running for 3.499)
2024-12-11 16:21:34 [restartedMain] DEBUG o.s.data.mongodb.core.MongoTemplate - Inserting Document containing fields: [name, _class] in collection: roles
2024-12-11 16:21:34 [restartedMain] INFO  o.s.b.a.l.ConditionEvaluationReportLoggingListener - 

Error starting ApplicationContext. To display the conditions report re-run your application with 'debug' enabled.
2024-12-11 16:21:34 [restartedMain] ERROR o.s.boot.SpringApplication - Application run failed
java.lang.IllegalStateException: Failed to execute CommandLineRunner
	at org.springframework.boot.SpringApplication.callRunner(SpringApplication.java:768)
	at org.springframework.boot.SpringApplication.lambda$callRunners$2(SpringApplication.java:749)
	at java.base/java.util.stream.ForEachOps$ForEachOp$OfRef.accept(ForEachOps.java:183)
	at java.base/java.util.stream.SortedOps$SizedRefSortingSink.end(SortedOps.java:357)
	at java.base/java.util.stream.AbstractPipeline.copyInto(AbstractPipeline.java:510)
	at java.base/java.util.stream.AbstractPipeline.wrapAndCopyInto(AbstractPipeline.java:499)
	at java.base/java.util.stream.ForEachOps$ForEachOp.evaluateSequential(ForEachOps.java:150)
	at java.base/java.util.stream.ForEachOps$ForEachOp$OfRef.evaluateSequential(ForEachOps.java:173)
	at java.base/java.util.stream.AbstractPipeline.evaluate(AbstractPipeline.java:234)
	at java.base/java.util.stream.ReferencePipeline.forEach(ReferencePipeline.java:596)
	at org.springframework.boot.SpringApplication.callRunners(SpringApplication.java:744)
	at org.springframework.boot.SpringApplication.run(SpringApplication.java:315)
	at org.springframework.boot.SpringApplication.run(SpringApplication.java:1300)
	at org.springframework.boot.SpringApplication.run(SpringApplication.java:1289)
	at com.MusicManager.MusicManagerApplication.main(MusicManagerApplication.java:10)
	at java.base/jdk.internal.reflect.NativeMethodAccessorImpl.invoke0(Native Method)
	at java.base/jdk.internal.reflect.NativeMethodAccessorImpl.invoke(NativeMethodAccessorImpl.java:77)
	at java.base/jdk.internal.reflect.DelegatingMethodAccessorImpl.invoke(DelegatingMethodAccessorImpl.java:43)
	at java.base/java.lang.reflect.Method.invoke(Method.java:569)
	at org.springframework.boot.devtools.restart.RestartLauncher.run(RestartLauncher.java:50)
Caused by: org.springframework.dao.DuplicateKeyException: Write operation error on server localhost:27017. Write error: WriteError{code=11000, message='E11000 duplicate key error collection: musicmanager_dev.roles index: name dup key: { name: "ADMIN" }', details={}}.; nested exception is com.mongodb.MongoWriteException: Write operation error on server localhost:27017. Write error: WriteError{code=11000, message='E11000 duplicate key error collection: musicmanager_dev.roles index: name dup key: { name: "ADMIN" }', details={}}.
	at org.springframework.data.mongodb.core.MongoExceptionTranslator.translateExceptionIfPossible(MongoExceptionTranslator.java:106)
	at org.springframework.data.mongodb.core.MongoTemplate.potentiallyConvertRuntimeException(MongoTemplate.java:3029)
	at org.springframework.data.mongodb.core.MongoTemplate.execute(MongoTemplate.java:581)
	at org.springframework.data.mongodb.core.MongoTemplate.insertDocument(MongoTemplate.java:1530)
	at org.springframework.data.mongodb.core.MongoTemplate.doInsert(MongoTemplate.java:1326)
	at org.springframework.data.mongodb.core.MongoTemplate.insert(MongoTemplate.java:1241)
	at org.springframework.data.mongodb.repository.support.SimpleMongoRepository.save(SimpleMongoRepository.java:95)
	at java.base/jdk.internal.reflect.NativeMethodAccessorImpl.invoke0(Native Method)
	at java.base/jdk.internal.reflect.NativeMethodAccessorImpl.invoke(NativeMethodAccessorImpl.java:77)
	at java.base/jdk.internal.reflect.DelegatingMethodAccessorImpl.invoke(DelegatingMethodAccessorImpl.java:43)
	at java.base/java.lang.reflect.Method.invoke(Method.java:569)
	at org.springframework.data.repository.core.support.RepositoryMethodInvoker$RepositoryFragmentMethodInvoker.lambda$new$0(RepositoryMethodInvoker.java:289)
	at org.springframework.data.repository.core.support.RepositoryMethodInvoker.doInvoke(RepositoryMethodInvoker.java:137)
	at org.springframework.data.repository.core.support.RepositoryMethodInvoker.invoke(RepositoryMethodInvoker.java:121)
	at org.springframework.data.repository.core.support.RepositoryComposition$RepositoryFragments.invoke(RepositoryComposition.java:530)
	at org.springframework.data.repository.core.support.RepositoryComposition.invoke(RepositoryComposition.java:286)
	at org.springframework.data.repository.core.support.RepositoryFactorySupport$ImplementationMethodExecutionInterceptor.invoke(RepositoryFactorySupport.java:640)
	at org.springframework.aop.framework.ReflectiveMethodInvocation.proceed(ReflectiveMethodInvocation.java:186)
	at org.springframework.data.repository.core.support.QueryExecutorMethodInterceptor.doInvoke(QueryExecutorMethodInterceptor.java:164)
	at org.springframework.data.repository.core.support.QueryExecutorMethodInterceptor.invoke(QueryExecutorMethodInterceptor.java:139)
	at org.springframework.aop.framework.ReflectiveMethodInvocation.proceed(ReflectiveMethodInvocation.java:186)
	at org.springframework.data.projection.DefaultMethodInvokingMethodInterceptor.invoke(DefaultMethodInvokingMethodInterceptor.java:76)
	at org.springframework.aop.framework.ReflectiveMethodInvocation.proceed(ReflectiveMethodInvocation.java:186)
	at org.springframework.aop.interceptor.ExposeInvocationInterceptor.invoke(ExposeInvocationInterceptor.java:97)
	at org.springframework.aop.framework.ReflectiveMethodInvocation.proceed(ReflectiveMethodInvocation.java:186)
	at org.springframework.aop.framework.JdkDynamicAopProxy.invoke(JdkDynamicAopProxy.java:241)
	at jdk.proxy3/jdk.proxy3.$Proxy109.save(Unknown Source)
	at java.base/jdk.internal.reflect.NativeMethodAccessorImpl.invoke0(Native Method)
	at java.base/jdk.internal.reflect.NativeMethodAccessorImpl.invoke(NativeMethodAccessorImpl.java:77)
	at java.base/jdk.internal.reflect.DelegatingMethodAccessorImpl.invoke(DelegatingMethodAccessorImpl.java:43)
	at java.base/java.lang.reflect.Method.invoke(Method.java:569)
	at org.springframework.aop.support.AopUtils.invokeJoinpointUsingReflection(AopUtils.java:344)
	at org.springframework.aop.framework.ReflectiveMethodInvocation.invokeJoinpoint(ReflectiveMethodInvocation.java:198)
	at org.springframework.aop.framework.ReflectiveMethodInvocation.proceed(ReflectiveMethodInvocation.java:163)
	at org.springframework.dao.support.PersistenceExceptionTranslationInterceptor.invoke(PersistenceExceptionTranslationInterceptor.java:137)
	at org.springframework.aop.framework.ReflectiveMethodInvocation.proceed(ReflectiveMethodInvocation.java:186)
	at org.springframework.aop.framework.JdkDynamicAopProxy.invoke(JdkDynamicAopProxy.java:241)
	at jdk.proxy3/jdk.proxy3.$Proxy109.save(Unknown Source)
	at com.MusicManager.config.DevDataInitializer.lambda$initData$0(DevDataInitializer.java:39)
	at org.springframework.boot.SpringApplication.callRunner(SpringApplication.java:765)
	... 19 common frames omitted
Caused by: com.mongodb.MongoWriteException: Write operation error on server localhost:27017. Write error: WriteError{code=11000, message='E11000 duplicate key error collection: musicmanager_dev.roles index: name dup key: { name: "ADMIN" }', details={}}.
	at com.mongodb.client.internal.MongoCollectionImpl.executeSingleWriteRequest(MongoCollectionImpl.java:1018)
	at com.mongodb.client.internal.MongoCollectionImpl.executeInsertOne(MongoCollectionImpl.java:471)
	at com.mongodb.client.internal.MongoCollectionImpl.insertOne(MongoCollectionImpl.java:454)
	at com.mongodb.client.internal.MongoCollectionImpl.insertOne(MongoCollectionImpl.java:448)
	at org.springframework.data.mongodb.core.MongoTemplate.lambda$insertDocument$15(MongoTemplate.java:1536)
	at org.springframework.data.mongodb.core.MongoTemplate.execute(MongoTemplate.java:579)
	... 56 common frames omitted
